# Logfile created on 2014-03-14 15:50:38 +0900 by logger.rb/41954
I, [2014-03-14T15:50:38.520988 #2607]  INFO -- : 0:  i18n (0.6.9) from /Users/shuichi/.rvm/gems/ruby-2.0.0-p353/specifications/i18n-0.6.9.gemspec
I, [2014-03-14T15:50:40.569540 #2607]  INFO -- : 0:  minitest (4.7.5) from /Users/shuichi/.rvm/gems/ruby-2.0.0-p353/specifications/minitest-4.7.5.gemspec
I, [2014-03-14T15:50:41.295678 #2607]  INFO -- : 0:  multi_json (1.9.0) from /Users/shuichi/.rvm/gems/ruby-2.0.0-p353/specifications/multi_json-1.9.0.gemspec
I, [2014-03-14T15:50:44.635871 #2607]  INFO -- : 0:  atomic (1.1.15) from /Users/shuichi/.rvm/gems/ruby-2.0.0-p353/specifications/atomic-1.1.15.gemspec
I, [2014-03-14T15:50:45.635130 #2607]  INFO -- : 0:  thread_safe (0.2.0) from /Users/shuichi/.rvm/gems/ruby-2.0.0-p353/specifications/thread_safe-0.2.0.gemspec
I, [2014-03-14T15:50:47.562351 #2607]  INFO -- : 0:  tzinfo (0.3.38) from /Users/shuichi/.rvm/gems/ruby-2.0.0-p353/specifications/tzinfo-0.3.38.gemspec
I, [2014-03-14T15:50:48.698607 #2607]  INFO -- : 0:  activesupport (4.0.3) from /Users/shuichi/.rvm/gems/ruby-2.0.0-p353/specifications/activesupport-4.0.3.gemspec
I, [2014-03-14T15:50:49.699086 #2607]  INFO -- : 0:  backports (3.6.0) from /Users/shuichi/.rvm/gems/ruby-2.0.0-p353/specifications/backports-3.6.0.gemspec
I, [2014-03-14T15:51:09.366548 #2607]  INFO -- : 0:  ffi (1.9.3) from /Users/shuichi/.rvm/gems/ruby-2.0.0-p353/specifications/ffi-1.9.3.gemspec
I, [2014-03-14T15:51:11.666578 #2607]  INFO -- : 0:  rltk (2.2.1) from /Users/shuichi/.rvm/gems/ruby-2.0.0-p353/specifications/rltk-2.2.1.gemspec
I, [2014-03-14T15:51:12.378538 #2607]  INFO -- : 0:  tilt (1.4.1) from /Users/shuichi/.rvm/gems/ruby-2.0.0-p353/specifications/tilt-1.4.1.gemspec
I, [2014-03-14T15:51:13.826680 #2607]  INFO -- : 0:  flavour_saver (0.3.1) from /Users/shuichi/.rvm/gems/ruby-2.0.0-p353/specifications/flavour_saver-0.3.1.gemspec
I, [2014-03-14T15:51:14.753521 #2607]  INFO -- : 0:  haml (4.0.5) from /Users/shuichi/.rvm/gems/ruby-2.0.0-p353/specifications/haml-4.0.5.gemspec
I, [2014-03-14T15:51:15.753385 #2607]  INFO -- : 0:  hashie (2.0.5) from /Users/shuichi/.rvm/gems/ruby-2.0.0-p353/specifications/hashie-2.0.5.gemspec
I, [2014-03-14T15:51:16.523993 #2607]  INFO -- : 0:  parallel (0.9.2) from /Users/shuichi/.rvm/gems/ruby-2.0.0-p353/specifications/parallel-0.9.2.gemspec
I, [2014-03-14T15:51:19.662891 #2607]  INFO -- : 0:  redcarpet (3.1.1) from /Users/shuichi/.rvm/gems/ruby-2.0.0-p353/specifications/redcarpet-3.1.1.gemspec
I, [2014-03-14T15:51:20.921182 #2607]  INFO -- : 0:  rack (1.5.2) from /Users/shuichi/.rvm/gems/ruby-2.0.0-p353/specifications/rack-1.5.2.gemspec
I, [2014-03-14T15:51:21.668496 #2607]  INFO -- : 0:  rack-protection (1.5.2) from /Users/shuichi/.rvm/gems/ruby-2.0.0-p353/specifications/rack-protection-1.5.2.gemspec
I, [2014-03-14T15:51:22.577593 #2607]  INFO -- : 0:  sinatra (1.4.4) from /Users/shuichi/.rvm/gems/ruby-2.0.0-p353/specifications/sinatra-1.4.4.gemspec
I, [2014-03-14T15:51:23.183846 #2607]  INFO -- : 0:  rack-test (0.6.2) from /Users/shuichi/.rvm/gems/ruby-2.0.0-p353/specifications/rack-test-0.6.2.gemspec
I, [2014-03-14T15:51:24.139208 #2607]  INFO -- : 0:  sinatra-contrib (1.4.2) from /Users/shuichi/.rvm/gems/ruby-2.0.0-p353/specifications/sinatra-contrib-1.4.2.gemspec
I, [2014-03-14T15:51:26.216506 #2607]  INFO -- : 0:  json (1.8.1) from /Users/shuichi/.rvm/gems/ruby-2.0.0-p353/specifications/json-1.8.1.gemspec
I, [2014-03-14T15:51:26.938932 #2607]  INFO -- : 0:  net-http-persistent (2.9.4) from /Users/shuichi/.rvm/gems/ruby-2.0.0-p353/specifications/net-http-persistent-2.9.4.gemspec
I, [2014-03-14T15:51:27.840129 #2607]  INFO -- : 0:  rdf (1.1.2.1) from /Users/shuichi/.rvm/gems/ruby-2.0.0-p353/specifications/rdf-1.1.2.1.gemspec
I, [2014-03-14T15:51:28.576255 #2607]  INFO -- : 0:  sparql-client (1.1.1) from /Users/shuichi/.rvm/gems/ruby-2.0.0-p353/specifications/sparql-client-1.1.1.gemspec
I, [2014-03-14T15:51:29.290552 #2607]  INFO -- : 0:  hike (1.2.3) from /Users/shuichi/.rvm/gems/ruby-2.0.0-p353/specifications/hike-1.2.3.gemspec
I, [2014-03-14T15:51:30.018396 #2607]  INFO -- : 0:  sprockets (2.11.0) from /Users/shuichi/.rvm/gems/ruby-2.0.0-p353/specifications/sprockets-2.11.0.gemspec
I, [2014-03-14T15:51:30.975902 #2607]  INFO -- : 0:  thor (0.18.1) from /Users/shuichi/.rvm/gems/ruby-2.0.0-p353/specifications/thor-0.18.1.gemspec
I, [2014-03-14T15:51:31.770726 #2607]  INFO -- : 0:  togostanza (1.0.5) from /Users/shuichi/.rvm/gems/ruby-2.0.0-p353/specifications/togostanza-1.0.5.gemspec
I, [2014-03-14T15:51:31.782468 #2607]  INFO -- : 0:  environment_inhabitants_statistics_nano_stanza (0.0.1) from /Users/shuichi/git/nanostanza/environment_inhabitants_statistics_nano_stanza/environment_inhabitants_statistics_nano_stanza.gemspec
I, [2014-03-14T15:51:31.785857 #2607]  INFO -- : 0:  environment_organism_distribution_on_ph_nano_stanza (0.0.1) from /Users/shuichi/git/nanostanza/environment_organism_distribution_on_ph_nano_stanza/environment_organism_distribution_on_ph_nano_stanza.gemspec
I, [2014-03-14T15:51:31.790701 #2607]  INFO -- : 0:  environment_organism_distribution_on_temperature_nano_stanza (0.0.1) from /Users/shuichi/git/nanostanza/environment_organism_distribution_on_temperature_nano_stanza/environment_organism_distribution_on_temperature_nano_stanza.gemspec
I, [2014-03-14T15:51:31.795967 #2607]  INFO -- : 0:  environment_top_level_symbolic_image_nano_stanza (0.0.1) from /Users/shuichi/git/nanostanza/environment_top_level_symbolic_image_nano_stanza/environment_top_level_symbolic_image_nano_stanza.gemspec
I, [2014-03-14T15:51:31.833312 #2607]  INFO -- : 0:  gene_length_nano_stanza (0.0.1) from /Users/shuichi/git/nanostanza/gene_length_nano_stanza/gene_length_nano_stanza.gemspec
I, [2014-03-14T15:51:39.114006 #2607]  INFO -- : 0:  kgio (2.9.2) from /Users/shuichi/.rvm/gems/ruby-2.0.0-p353/specifications/kgio-2.9.2.gemspec
I, [2014-03-14T15:51:39.117556 #2607]  INFO -- : 0:  organism_gc_nano_stanza (0.0.1) from /Users/shuichi/git/nanostanza/organism_gc_nano_stanza/organism_gc_nano_stanza.gemspec
I, [2014-03-14T15:51:39.119516 #2607]  INFO -- : 0:  organism_gene_number_nano_stanza (0.0.1) from /Users/shuichi/git/nanostanza/organism_gene_number_nano_stanza/organism_gene_number_nano_stanza.gemspec
I, [2014-03-14T15:51:39.122472 #2607]  INFO -- : 0:  organism_genome_size_nano_stanza (0.0.1) from /Users/shuichi/git/nanostanza/organism_genome_size_nano_stanza/organism_genome_size_nano_stanza.gemspec
I, [2014-03-14T15:51:39.125953 #2607]  INFO -- : 0:  organism_microbial_cell_shape_nano_stanza (0.0.1) from /Users/shuichi/git/nanostanza/organism_microbial_cell_shape_nano_stanza/organism_microbial_cell_shape_nano_stanza.gemspec
I, [2014-03-14T15:51:39.128446 #2607]  INFO -- : 0:  organism_ph_nano_stanza (0.0.1) from /Users/shuichi/git/nanostanza/organism_ph_nano_stanza/organism_ph_nano_stanza.gemspec
I, [2014-03-14T15:51:39.130946 #2607]  INFO -- : 0:  protein_3d_structure_nano_stanza (0.0.1) from /Users/shuichi/git/nanostanza/protein_3d_structure_nano_stanza/protein_3d_structure_nano_stanza.gemspec
I, [2014-03-14T15:51:39.132718 #2607]  INFO -- : 0:  protein_ec_number_nano_stanza (0.0.1) from /Users/shuichi/git/nanostanza/protein_ec_number_nano_stanza/protein_ec_number_nano_stanza.gemspec
I, [2014-03-14T15:51:39.145771 #2607]  INFO -- : 0:  protein_references_timeline_nano_stanza (0.0.1) from /Users/shuichi/git/nanostanza/protein_references_timeline_nano_stanza/protein_references_timeline_nano_stanza.gemspec
I, [2014-03-14T15:51:41.344741 #2607]  INFO -- : 0:  raindrops (0.13.0) from /Users/shuichi/.rvm/gems/ruby-2.0.0-p353/specifications/raindrops-0.13.0.gemspec
I, [2014-03-14T15:51:44.005567 #2607]  INFO -- : 0:  unicorn (4.8.2) from /Users/shuichi/.rvm/gems/ruby-2.0.0-p353/specifications/unicorn-4.8.2.gemspec
I, [2014-03-14T15:51:44.006116 #2607]  INFO -- : 0:  bundler (1.5.1) from /Users/shuichi/.rvm/gems/ruby-2.0.0-p353@global/specifications/bundler-1.5.1.gemspec
I, [2014-03-14T15:51:50.655288 #5934]  INFO -- : 0:  i18n (0.6.9) from /Users/shuichi/.rvm/gems/ruby-2.0.0-p353/specifications/i18n-0.6.9.gemspec
I, [2014-03-14T15:51:50.657028 #5934]  INFO -- : 0:  minitest (4.7.5) from /Users/shuichi/.rvm/gems/ruby-2.0.0-p353/specifications/minitest-4.7.5.gemspec
I, [2014-03-14T15:51:50.657624 #5934]  INFO -- : 0:  multi_json (1.9.0) from /Users/shuichi/.rvm/gems/ruby-2.0.0-p353/specifications/multi_json-1.9.0.gemspec
I, [2014-03-14T15:51:50.658031 #5934]  INFO -- : 0:  atomic (1.1.15) from /Users/shuichi/.rvm/gems/ruby-2.0.0-p353/specifications/atomic-1.1.15.gemspec
I, [2014-03-14T15:51:50.658421 #5934]  INFO -- : 0:  thread_safe (0.2.0) from /Users/shuichi/.rvm/gems/ruby-2.0.0-p353/specifications/thread_safe-0.2.0.gemspec
I, [2014-03-14T15:51:50.658810 #5934]  INFO -- : 0:  tzinfo (0.3.38) from /Users/shuichi/.rvm/gems/ruby-2.0.0-p353/specifications/tzinfo-0.3.38.gemspec
I, [2014-03-14T15:51:50.659191 #5934]  INFO -- : 0:  activesupport (4.0.3) from /Users/shuichi/.rvm/gems/ruby-2.0.0-p353/specifications/activesupport-4.0.3.gemspec
I, [2014-03-14T15:51:50.659719 #5934]  INFO -- : 0:  backports (3.6.0) from /Users/shuichi/.rvm/gems/ruby-2.0.0-p353/specifications/backports-3.6.0.gemspec
I, [2014-03-14T15:51:50.660139 #5934]  INFO -- : 0:  ffi (1.9.3) from /Users/shuichi/.rvm/gems/ruby-2.0.0-p353/specifications/ffi-1.9.3.gemspec
I, [2014-03-14T15:51:50.660507 #5934]  INFO -- : 0:  rltk (2.2.1) from /Users/shuichi/.rvm/gems/ruby-2.0.0-p353/specifications/rltk-2.2.1.gemspec
I, [2014-03-14T15:51:50.660875 #5934]  INFO -- : 0:  tilt (1.4.1) from /Users/shuichi/.rvm/gems/ruby-2.0.0-p353/specifications/tilt-1.4.1.gemspec
I, [2014-03-14T15:51:50.661239 #5934]  INFO -- : 0:  flavour_saver (0.3.1) from /Users/shuichi/.rvm/gems/ruby-2.0.0-p353/specifications/flavour_saver-0.3.1.gemspec
I, [2014-03-14T15:51:50.661600 #5934]  INFO -- : 0:  haml (4.0.5) from /Users/shuichi/.rvm/gems/ruby-2.0.0-p353/specifications/haml-4.0.5.gemspec
I, [2014-03-14T15:51:50.661973 #5934]  INFO -- : 0:  hashie (2.0.5) from /Users/shuichi/.rvm/gems/ruby-2.0.0-p353/specifications/hashie-2.0.5.gemspec
I, [2014-03-14T15:51:50.662488 #5934]  INFO -- : 0:  parallel (0.9.2) from /Users/shuichi/.rvm/gems/ruby-2.0.0-p353/specifications/parallel-0.9.2.gemspec
I, [2014-03-14T15:51:50.662999 #5934]  INFO -- : 0:  redcarpet (3.1.1) from /Users/shuichi/.rvm/gems/ruby-2.0.0-p353/specifications/redcarpet-3.1.1.gemspec
I, [2014-03-14T15:51:50.663386 #5934]  INFO -- : 0:  rack (1.5.2) from /Users/shuichi/.rvm/gems/ruby-2.0.0-p353/specifications/rack-1.5.2.gemspec
I, [2014-03-14T15:51:50.663767 #5934]  INFO -- : 0:  rack-protection (1.5.2) from /Users/shuichi/.rvm/gems/ruby-2.0.0-p353/specifications/rack-protection-1.5.2.gemspec
I, [2014-03-14T15:51:50.664148 #5934]  INFO -- : 0:  sinatra (1.4.4) from /Users/shuichi/.rvm/gems/ruby-2.0.0-p353/specifications/sinatra-1.4.4.gemspec
I, [2014-03-14T15:51:50.664530 #5934]  INFO -- : 0:  rack-test (0.6.2) from /Users/shuichi/.rvm/gems/ruby-2.0.0-p353/specifications/rack-test-0.6.2.gemspec
I, [2014-03-14T15:51:50.665016 #5934]  INFO -- : 0:  sinatra-contrib (1.4.2) from /Users/shuichi/.rvm/gems/ruby-2.0.0-p353/specifications/sinatra-contrib-1.4.2.gemspec
I, [2014-03-14T15:51:50.665531 #5934]  INFO -- : 0:  json (1.8.1) from /Users/shuichi/.rvm/gems/ruby-2.0.0-p353/specifications/json-1.8.1.gemspec
I, [2014-03-14T15:51:50.666353 #5934]  INFO -- : 0:  net-http-persistent (2.9.4) from /Users/shuichi/.rvm/gems/ruby-2.0.0-p353/specifications/net-http-persistent-2.9.4.gemspec
I, [2014-03-14T15:51:50.666899 #5934]  INFO -- : 0:  rdf (1.1.2.1) from /Users/shuichi/.rvm/gems/ruby-2.0.0-p353/specifications/rdf-1.1.2.1.gemspec
I, [2014-03-14T15:51:50.667435 #5934]  INFO -- : 0:  sparql-client (1.1.1) from /Users/shuichi/.rvm/gems/ruby-2.0.0-p353/specifications/sparql-client-1.1.1.gemspec
I, [2014-03-14T15:51:50.667965 #5934]  INFO -- : 0:  hike (1.2.3) from /Users/shuichi/.rvm/gems/ruby-2.0.0-p353/specifications/hike-1.2.3.gemspec
I, [2014-03-14T15:51:50.668660 #5934]  INFO -- : 0:  sprockets (2.11.0) from /Users/shuichi/.rvm/gems/ruby-2.0.0-p353/specifications/sprockets-2.11.0.gemspec
I, [2014-03-14T15:51:50.669125 #5934]  INFO -- : 0:  thor (0.18.1) from /Users/shuichi/.rvm/gems/ruby-2.0.0-p353/specifications/thor-0.18.1.gemspec
I, [2014-03-14T15:51:50.669735 #5934]  INFO -- : 0:  togostanza (1.0.5) from /Users/shuichi/.rvm/gems/ruby-2.0.0-p353/specifications/togostanza-1.0.5.gemspec
I, [2014-03-14T15:51:50.739651 #5934]  INFO -- : 0:  environment_inhabitants_statistics_nano_stanza (0.0.1) from /Users/shuichi/git/nanostanza/environment_inhabitants_statistics_nano_stanza/environment_inhabitants_statistics_nano_stanza.gemspec
I, [2014-03-14T15:51:50.743020 #5934]  INFO -- : 0:  environment_organism_distribution_on_ph_nano_stanza (0.0.1) from /Users/shuichi/git/nanostanza/environment_organism_distribution_on_ph_nano_stanza/environment_organism_distribution_on_ph_nano_stanza.gemspec
I, [2014-03-14T15:51:50.745488 #5934]  INFO -- : 0:  environment_organism_distribution_on_temperature_nano_stanza (0.0.1) from /Users/shuichi/git/nanostanza/environment_organism_distribution_on_temperature_nano_stanza/environment_organism_distribution_on_temperature_nano_stanza.gemspec
I, [2014-03-14T15:51:50.747446 #5934]  INFO -- : 0:  environment_top_level_symbolic_image_nano_stanza (0.0.1) from /Users/shuichi/git/nanostanza/environment_top_level_symbolic_image_nano_stanza/environment_top_level_symbolic_image_nano_stanza.gemspec
I, [2014-03-14T15:51:50.783620 #5934]  INFO -- : 0:  gene_length_nano_stanza (0.0.1) from /Users/shuichi/git/nanostanza/gene_length_nano_stanza/gene_length_nano_stanza.gemspec
I, [2014-03-14T15:51:50.784207 #5934]  INFO -- : 0:  kgio (2.9.2) from /Users/shuichi/.rvm/gems/ruby-2.0.0-p353/specifications/kgio-2.9.2.gemspec
I, [2014-03-14T15:51:50.789288 #5934]  INFO -- : 0:  organism_gc_nano_stanza (0.0.1) from /Users/shuichi/git/nanostanza/organism_gc_nano_stanza/organism_gc_nano_stanza.gemspec
I, [2014-03-14T15:51:50.792865 #5934]  INFO -- : 0:  organism_gene_number_nano_stanza (0.0.1) from /Users/shuichi/git/nanostanza/organism_gene_number_nano_stanza/organism_gene_number_nano_stanza.gemspec
I, [2014-03-14T15:51:50.797209 #5934]  INFO -- : 0:  organism_genome_size_nano_stanza (0.0.1) from /Users/shuichi/git/nanostanza/organism_genome_size_nano_stanza/organism_genome_size_nano_stanza.gemspec
I, [2014-03-14T15:51:50.800219 #5934]  INFO -- : 0:  organism_microbial_cell_shape_nano_stanza (0.0.1) from /Users/shuichi/git/nanostanza/organism_microbial_cell_shape_nano_stanza/organism_microbial_cell_shape_nano_stanza.gemspec
I, [2014-03-14T15:51:50.804957 #5934]  INFO -- : 0:  organism_ph_nano_stanza (0.0.1) from /Users/shuichi/git/nanostanza/organism_ph_nano_stanza/organism_ph_nano_stanza.gemspec
I, [2014-03-14T15:51:50.809296 #5934]  INFO -- : 0:  protein_3d_structure_nano_stanza (0.0.1) from /Users/shuichi/git/nanostanza/protein_3d_structure_nano_stanza/protein_3d_structure_nano_stanza.gemspec
I, [2014-03-14T15:51:50.811558 #5934]  INFO -- : 0:  protein_ec_number_nano_stanza (0.0.1) from /Users/shuichi/git/nanostanza/protein_ec_number_nano_stanza/protein_ec_number_nano_stanza.gemspec
I, [2014-03-14T15:51:50.826601 #5934]  INFO -- : 0:  protein_references_timeline_nano_stanza (0.0.1) from /Users/shuichi/git/nanostanza/protein_references_timeline_nano_stanza/protein_references_timeline_nano_stanza.gemspec
I, [2014-03-14T15:51:50.827104 #5934]  INFO -- : 0:  raindrops (0.13.0) from /Users/shuichi/.rvm/gems/ruby-2.0.0-p353/specifications/raindrops-0.13.0.gemspec
I, [2014-03-14T15:51:50.827462 #5934]  INFO -- : 0:  unicorn (4.8.2) from /Users/shuichi/.rvm/gems/ruby-2.0.0-p353/specifications/unicorn-4.8.2.gemspec
I, [2014-03-14T15:51:50.827810 #5934]  INFO -- : 0:  bundler (1.5.1) from /Users/shuichi/.rvm/gems/ruby-2.0.0-p353@global/specifications/bundler-1.5.1.gemspec
